  [1m[35m (389.6ms)[0m  [1m[35mCREATE DATABASE "your_database_name" ENCODING = 'unicode'[0m
  ↳ /home/diegoc/.gem/ruby/2.6.0/bin/rake:23
  [1m[35m (0.4ms)[0m  [1m[35mCREATE DATABASE "your_database_name_test" ENCODING = 'unicode'[0m
  ↳ /home/diegoc/.gem/ruby/2.6.0/bin/rake:23
  [1m[35m (28.8ms)[0m  [1m[35mCREATE TABLE "schema_migrations" ("version" character varying NOT NULL PRIMARY KEY)[0m
  ↳ /usr/lib/ruby/gems/2.6.0/gems/bootsnap-1.4.4/lib/bootsnap/load_path_cache/core_ext/kernel_require.rb:22
  [1m[35m (6.7ms)[0m  [1m[35mCREATE TABLE "ar_internal_metadata" ("key" character varying NOT NULL PRIMARY KEY, "value" character varying, "created_at" timestamp NOT NULL, "updated_at" timestamp NOT NULL)[0m
  ↳ /usr/lib/ruby/gems/2.6.0/gems/bootsnap-1.4.4/lib/bootsnap/load_path_cache/core_ext/kernel_require.rb:22
  [1m[35m (0.5ms)[0m  [1m[34mSELECT pg_try_advisory_lock(6417534195974080410)[0m
  ↳ /usr/lib/ruby/gems/2.6.0/gems/bootsnap-1.4.4/lib/bootsnap/load_path_cache/core_ext/kernel_require.rb:22
  [1m[35m (1.0ms)[0m  [1m[34mSELECT "schema_migrations"."version" FROM "schema_migrations" ORDER BY "schema_migrations"."version" ASC[0m
  ↳ /usr/lib/ruby/gems/2.6.0/gems/bootsnap-1.4.4/lib/bootsnap/load_path_cache/core_ext/kernel_require.rb:22
  [1m[36mActiveRecord::InternalMetadata Load (0.9ms)[0m  [1m[34mSELECT  "ar_internal_metadata".* FROM "ar_internal_metadata" WHERE "ar_internal_metadata"."key" = $1 LIMIT $2[0m  [["key", "environment"], ["LIMIT", 1]]
  ↳ /usr/lib/ruby/gems/2.6.0/gems/bootsnap-1.4.4/lib/bootsnap/load_path_cache/core_ext/kernel_require.rb:22
  [1m[35m (0.4ms)[0m  [1m[35mBEGIN[0m
  ↳ /usr/lib/ruby/gems/2.6.0/gems/bootsnap-1.4.4/lib/bootsnap/load_path_cache/core_ext/kernel_require.rb:22
  [1m[36mActiveRecord::InternalMetadata Create (1.0ms)[0m  [1m[32mINSERT INTO "ar_internal_metadata" ("key", "value", "created_at", "updated_at") VALUES ($1, $2, $3, $4) RETURNING "key"[0m  [["key", "environment"], ["value", "development"], ["created_at", "2019-05-14 15:17:10.467312"], ["updated_at", "2019-05-14 15:17:10.467312"]]
  ↳ /usr/lib/ruby/gems/2.6.0/gems/bootsnap-1.4.4/lib/bootsnap/load_path_cache/core_ext/kernel_require.rb:22
  [1m[35m (1.1ms)[0m  [1m[35mCOMMIT[0m
  ↳ /usr/lib/ruby/gems/2.6.0/gems/bootsnap-1.4.4/lib/bootsnap/load_path_cache/core_ext/kernel_require.rb:22
  [1m[35m (0.5ms)[0m  [1m[34mSELECT pg_advisory_unlock(6417534195974080410)[0m
  ↳ /usr/lib/ruby/gems/2.6.0/gems/bootsnap-1.4.4/lib/bootsnap/load_path_cache/core_ext/kernel_require.rb:22
  [1m[35m (0.5ms)[0m  [1m[34mSELECT "schema_migrations"."version" FROM "schema_migrations" ORDER BY "schema_migrations"."version" ASC[0m
  ↳ /usr/lib/ruby/gems/2.6.0/gems/bootsnap-1.4.4/lib/bootsnap/load_path_cache/core_ext/kernel_require.rb:22
  [1m[35m (0.2ms)[0m  [1m[34mSELECT pg_try_advisory_lock(6417534195974080410)[0m
  ↳ /usr/lib/ruby/gems/2.6.0/gems/bootsnap-1.4.4/lib/bootsnap/load_path_cache/core_ext/kernel_require.rb:22
  [1m[35m (0.3ms)[0m  [1m[34mSELECT "schema_migrations"."version" FROM "schema_migrations" ORDER BY "schema_migrations"."version" ASC[0m
  ↳ /usr/lib/ruby/gems/2.6.0/gems/bootsnap-1.4.4/lib/bootsnap/load_path_cache/core_ext/kernel_require.rb:22
Migrating to CreateTests (20190514151724)
  [1m[35m (0.2ms)[0m  [1m[35mBEGIN[0m
  ↳ /usr/lib/ruby/gems/2.6.0/gems/bootsnap-1.4.4/lib/bootsnap/load_path_cache/core_ext/kernel_require.rb:22
  [1m[35m (4.2ms)[0m  [1m[35mCREATE TABLE "tests" ("id" bigserial primary key, "test" character varying, "created_at" timestamp NOT NULL, "updated_at" timestamp NOT NULL)[0m
  ↳ db/migrate/20190514151724_create_tests.rb:3
  [1m[36mActiveRecord::SchemaMigration Create (0.3ms)[0m  [1m[32mINSERT INTO "schema_migrations" ("version") VALUES ($1) RETURNING "version"[0m  [["version", "20190514151724"]]
  ↳ /usr/lib/ruby/gems/2.6.0/gems/bootsnap-1.4.4/lib/bootsnap/load_path_cache/core_ext/kernel_require.rb:22
  [1m[35m (0.6ms)[0m  [1m[35mCOMMIT[0m
  ↳ /usr/lib/ruby/gems/2.6.0/gems/bootsnap-1.4.4/lib/bootsnap/load_path_cache/core_ext/kernel_require.rb:22
Migrating to CreateUsers (20190514151827)
  [1m[35m (0.2ms)[0m  [1m[35mBEGIN[0m
  ↳ /usr/lib/ruby/gems/2.6.0/gems/bootsnap-1.4.4/lib/bootsnap/load_path_cache/core_ext/kernel_require.rb:22
  [1m[35m (3.9ms)[0m  [1m[35mCREATE TABLE "users" ("id" bigserial primary key, "user_name" character varying, "password" character varying, "e_mail" character varying, "phone_number" integer, "last_connection" timestamp, "temp" boolean, "created_at" timestamp NOT NULL, "updated_at" timestamp NOT NULL)[0m
  ↳ db/migrate/20190514151827_create_users.rb:3
  [1m[36mActiveRecord::SchemaMigration Create (0.3ms)[0m  [1m[32mINSERT INTO "schema_migrations" ("version") VALUES ($1) RETURNING "version"[0m  [["version", "20190514151827"]]
  ↳ /usr/lib/ruby/gems/2.6.0/gems/bootsnap-1.4.4/lib/bootsnap/load_path_cache/core_ext/kernel_require.rb:22
  [1m[35m (1.0ms)[0m  [1m[35mCOMMIT[0m
  ↳ /usr/lib/ruby/gems/2.6.0/gems/bootsnap-1.4.4/lib/bootsnap/load_path_cache/core_ext/kernel_require.rb:22
Migrating to CreateFriends (20190514151906)
  [1m[35m (0.2ms)[0m  [1m[35mBEGIN[0m
  ↳ /usr/lib/ruby/gems/2.6.0/gems/bootsnap-1.4.4/lib/bootsnap/load_path_cache/core_ext/kernel_require.rb:22
  [1m[35m (2.2ms)[0m  [1m[35mCREATE TABLE "friends" ("id" bigserial primary key, "user_id1" integer, "user_id2" integer, "created_at" timestamp NOT NULL, "updated_at" timestamp NOT NULL)[0m
  ↳ db/migrate/20190514151906_create_friends.rb:3
  [1m[36mActiveRecord::SchemaMigration Create (0.2ms)[0m  [1m[32mINSERT INTO "schema_migrations" ("version") VALUES ($1) RETURNING "version"[0m  [["version", "20190514151906"]]
  ↳ /usr/lib/ruby/gems/2.6.0/gems/bootsnap-1.4.4/lib/bootsnap/load_path_cache/core_ext/kernel_require.rb:22
  [1m[35m (0.6ms)[0m  [1m[35mCOMMIT[0m
  ↳ /usr/lib/ruby/gems/2.6.0/gems/bootsnap-1.4.4/lib/bootsnap/load_path_cache/core_ext/kernel_require.rb:22
  [1m[36mActiveRecord::InternalMetadata Load (0.2ms)[0m  [1m[34mSELECT  "ar_internal_metadata".* FROM "ar_internal_metadata" WHERE "ar_internal_metadata"."key" = $1 LIMIT $2[0m  [["key", "environment"], ["LIMIT", 1]]
  ↳ /usr/lib/ruby/gems/2.6.0/gems/bootsnap-1.4.4/lib/bootsnap/load_path_cache/core_ext/kernel_require.rb:22
  [1m[35m (0.2ms)[0m  [1m[35mBEGIN[0m
  ↳ /usr/lib/ruby/gems/2.6.0/gems/bootsnap-1.4.4/lib/bootsnap/load_path_cache/core_ext/kernel_require.rb:22
  [1m[35m (0.1ms)[0m  [1m[35mCOMMIT[0m
  ↳ /usr/lib/ruby/gems/2.6.0/gems/bootsnap-1.4.4/lib/bootsnap/load_path_cache/core_ext/kernel_require.rb:22
  [1m[35m (0.2ms)[0m  [1m[34mSELECT pg_advisory_unlock(6417534195974080410)[0m
  ↳ /usr/lib/ruby/gems/2.6.0/gems/bootsnap-1.4.4/lib/bootsnap/load_path_cache/core_ext/kernel_require.rb:22
  [1m[35m (0.3ms)[0m  [1m[34mSELECT "schema_migrations"."version" FROM "schema_migrations" ORDER BY "schema_migrations"."version" ASC[0m
  ↳ /usr/lib/ruby/gems/2.6.0/gems/bootsnap-1.4.4/lib/bootsnap/load_path_cache/core_ext/kernel_require.rb:22
Started POST "/datamodel" for ::1 at 2019-05-14 10:22:04 -0500
  [1m[35m (0.4ms)[0m  [1m[34mSELECT "schema_migrations"."version" FROM "schema_migrations" ORDER BY "schema_migrations"."version" ASC[0m
  ↳ /usr/lib/ruby/gems/2.6.0/gems/puma-3.12.1/lib/puma/configuration.rb:227
  
ActionController::RoutingError (No route matches [POST] "/datamodel"):
  
actionpack (5.2.3) lib/action_dispatch/middleware/debug_exceptions.rb:65:in `call'
actionpack (5.2.3) lib/action_dispatch/middleware/show_exceptions.rb:33:in `call'
railties (5.2.3) lib/rails/rack/logger.rb:38:in `call_app'
railties (5.2.3) lib/rails/rack/logger.rb:26:in `block in call'
activesupport (5.2.3) lib/active_support/tagged_logging.rb:71:in `block in tagged'
activesupport (5.2.3) lib/active_support/tagged_logging.rb:28:in `tagged'
activesupport (5.2.3) lib/active_support/tagged_logging.rb:71:in `tagged'
railties (5.2.3) lib/rails/rack/logger.rb:26:in `call'
actionpack (5.2.3) lib/action_dispatch/middleware/remote_ip.rb:81:in `call'
actionpack (5.2.3) lib/action_dispatch/middleware/request_id.rb:27:in `call'
rack (2.0.7) lib/rack/runtime.rb:22:in `call'
activesupport (5.2.3) lib/active_support/cache/strategy/local_cache_middleware.rb:29:in `call'
actionpack (5.2.3) lib/action_dispatch/middleware/executor.rb:14:in `call'
actionpack (5.2.3) lib/action_dispatch/middleware/static.rb:127:in `call'
rack (2.0.7) lib/rack/sendfile.rb:111:in `call'
railties (5.2.3) lib/rails/engine.rb:524:in `call'
puma (3.12.1) lib/puma/configuration.rb:227:in `call'
puma (3.12.1) lib/puma/server.rb:660:in `handle_request'
puma (3.12.1) lib/puma/server.rb:474:in `process_client'
puma (3.12.1) lib/puma/server.rb:334:in `block in run'
puma (3.12.1) lib/puma/thread_pool.rb:135:in `block in spawn_thread'
Started GET "/datamodel" for ::1 at 2019-05-14 10:22:09 -0500
  
ActionController::RoutingError (No route matches [GET] "/datamodel"):
  
actionpack (5.2.3) lib/action_dispatch/middleware/debug_exceptions.rb:65:in `call'
actionpack (5.2.3) lib/action_dispatch/middleware/show_exceptions.rb:33:in `call'
railties (5.2.3) lib/rails/rack/logger.rb:38:in `call_app'
railties (5.2.3) lib/rails/rack/logger.rb:26:in `block in call'
activesupport (5.2.3) lib/active_support/tagged_logging.rb:71:in `block in tagged'
activesupport (5.2.3) lib/active_support/tagged_logging.rb:28:in `tagged'
activesupport (5.2.3) lib/active_support/tagged_logging.rb:71:in `tagged'
railties (5.2.3) lib/rails/rack/logger.rb:26:in `call'
actionpack (5.2.3) lib/action_dispatch/middleware/remote_ip.rb:81:in `call'
actionpack (5.2.3) lib/action_dispatch/middleware/request_id.rb:27:in `call'
rack (2.0.7) lib/rack/runtime.rb:22:in `call'
activesupport (5.2.3) lib/active_support/cache/strategy/local_cache_middleware.rb:29:in `call'
actionpack (5.2.3) lib/action_dispatch/middleware/executor.rb:14:in `call'
actionpack (5.2.3) lib/action_dispatch/middleware/static.rb:127:in `call'
rack (2.0.7) lib/rack/sendfile.rb:111:in `call'
railties (5.2.3) lib/rails/engine.rb:524:in `call'
puma (3.12.1) lib/puma/configuration.rb:227:in `call'
puma (3.12.1) lib/puma/server.rb:660:in `handle_request'
puma (3.12.1) lib/puma/server.rb:474:in `process_client'
puma (3.12.1) lib/puma/server.rb:334:in `block in run'
puma (3.12.1) lib/puma/thread_pool.rb:135:in `block in spawn_thread'
Started GET "/datamodel" for ::1 at 2019-05-14 10:22:52 -0500
  [1m[35m (0.4ms)[0m  [1m[34mSELECT "schema_migrations"."version" FROM "schema_migrations" ORDER BY "schema_migrations"."version" ASC[0m
  ↳ /usr/lib/ruby/gems/2.6.0/gems/puma-3.12.1/lib/puma/configuration.rb:227
Processing by DatamodelController#index as */*
  Parameters: {"test"=>"Hola mundo", "datamodel"=>{"test"=>"Hola mundo"}}
Completed 200 OK in 18ms (Views: 0.2ms | ActiveRecord: 3.9ms)


Started GET "/tests" for ::1 at 2019-05-14 10:22:59 -0500
Processing by TestsController#index as */*
  Parameters: {"test"=>"Hola mundo"}
  [1m[36mTest Load (1.3ms)[0m  [1m[34mSELECT "tests".* FROM "tests"[0m
  ↳ app/controllers/tests_controller.rb:8
Completed 200 OK in 3ms (Views: 0.9ms | ActiveRecord: 1.3ms)


Started POST "/tests" for ::1 at 2019-05-14 10:23:05 -0500
Processing by TestsController#create as */*
  Parameters: {"test"=>"Hola mundo"}
  [1m[35m (0.2ms)[0m  [1m[35mBEGIN[0m
  ↳ app/controllers/tests_controller.rb:20
  [1m[36mTest Create (0.8ms)[0m  [1m[32mINSERT INTO "tests" ("test", "created_at", "updated_at") VALUES ($1, $2, $3) RETURNING "id"[0m  [["test", "Hola mundo"], ["created_at", "2019-05-14 15:23:05.027139"], ["updated_at", "2019-05-14 15:23:05.027139"]]
  ↳ app/controllers/tests_controller.rb:20
  [1m[35m (2.2ms)[0m  [1m[35mCOMMIT[0m
  ↳ app/controllers/tests_controller.rb:20
Completed 201 Created in 14ms (Views: 0.8ms | ActiveRecord: 6.0ms)


  [1m[35m (1.2ms)[0m  [1m[34mSELECT "schema_migrations"."version" FROM "schema_migrations" ORDER BY "schema_migrations"."version" ASC[0m
  ↳ /usr/lib/ruby/gems/2.6.0/gems/bootsnap-1.4.4/lib/bootsnap/load_path_cache/core_ext/kernel_require.rb:22
  [1m[35m (0.5ms)[0m  [1m[34mSELECT "ar_internal_metadata"."value" FROM "ar_internal_metadata" WHERE "ar_internal_metadata"."key" = $1[0m  [["key", "environment"]]
  ↳ /usr/lib/ruby/gems/2.6.0/gems/bootsnap-1.4.4/lib/bootsnap/load_path_cache/core_ext/kernel_require.rb:22
  [1m[35m (0.2ms)[0m  [1m[34mSELECT "schema_migrations"."version" FROM "schema_migrations" ORDER BY "schema_migrations"."version" ASC[0m
  ↳ /usr/lib/ruby/gems/2.6.0/gems/bootsnap-1.4.4/lib/bootsnap/load_path_cache/core_ext/kernel_require.rb:22
  [1m[35m (0.1ms)[0m  [1m[34mSELECT "ar_internal_metadata"."value" FROM "ar_internal_metadata" WHERE "ar_internal_metadata"."key" = $1[0m  [["key", "environment"]]
  ↳ /usr/lib/ruby/gems/2.6.0/gems/bootsnap-1.4.4/lib/bootsnap/load_path_cache/core_ext/kernel_require.rb:22
  [1m[35m (0.2ms)[0m  [1m[34mSELECT "schema_migrations"."version" FROM "schema_migrations" ORDER BY "schema_migrations"."version" ASC[0m
  ↳ /usr/lib/ruby/gems/2.6.0/gems/bootsnap-1.4.4/lib/bootsnap/load_path_cache/core_ext/kernel_require.rb:22
  [1m[35m (0.1ms)[0m  [1m[34mSELECT "ar_internal_metadata"."value" FROM "ar_internal_metadata" WHERE "ar_internal_metadata"."key" = $1[0m  [["key", "environment"]]
  ↳ /usr/lib/ruby/gems/2.6.0/gems/bootsnap-1.4.4/lib/bootsnap/load_path_cache/core_ext/kernel_require.rb:22
  [1m[35m (121.4ms)[0m  [1m[35mDROP DATABASE IF EXISTS "users-ms"[0m
  ↳ /usr/lib/ruby/gems/2.6.0/gems/bootsnap-1.4.4/lib/bootsnap/load_path_cache/core_ext/kernel_require.rb:22
  [1m[35m (0.6ms)[0m  [1m[35mDROP DATABASE IF EXISTS "users-ms"[0m
  ↳ /usr/lib/ruby/gems/2.6.0/gems/bootsnap-1.4.4/lib/bootsnap/load_path_cache/core_ext/kernel_require.rb:22
  [1m[35m (392.6ms)[0m  [1m[35mCREATE DATABASE "users-ms" ENCODING = 'unicode'[0m
  ↳ /usr/lib/ruby/gems/2.6.0/gems/bootsnap-1.4.4/lib/bootsnap/load_path_cache/core_ext/kernel_require.rb:22
  [1m[35m (1.6ms)[0m  [1m[35mCREATE DATABASE "users-ms" ENCODING = 'unicode'[0m
  ↳ /usr/lib/ruby/gems/2.6.0/gems/bootsnap-1.4.4/lib/bootsnap/load_path_cache/core_ext/kernel_require.rb:22
  [1m[35m (9.7ms)[0m  [1m[35mCREATE TABLE "schema_migrations" ("version" character varying NOT NULL PRIMARY KEY)[0m
  ↳ /usr/lib/ruby/gems/2.6.0/gems/bootsnap-1.4.4/lib/bootsnap/load_path_cache/core_ext/kernel_require.rb:22
  [1m[35m (3.5ms)[0m  [1m[35mCREATE TABLE "ar_internal_metadata" ("key" character varying NOT NULL PRIMARY KEY, "value" character varying, "created_at" timestamp NOT NULL, "updated_at" timestamp NOT NULL)[0m
  ↳ /usr/lib/ruby/gems/2.6.0/gems/bootsnap-1.4.4/lib/bootsnap/load_path_cache/core_ext/kernel_require.rb:22
  [1m[35m (0.2ms)[0m  [1m[34mSELECT pg_try_advisory_lock(7423370693540222400)[0m
  ↳ /usr/lib/ruby/gems/2.6.0/gems/bootsnap-1.4.4/lib/bootsnap/load_path_cache/core_ext/kernel_require.rb:22
  [1m[35m (0.3ms)[0m  [1m[34mSELECT "schema_migrations"."version" FROM "schema_migrations" ORDER BY "schema_migrations"."version" ASC[0m
  ↳ /usr/lib/ruby/gems/2.6.0/gems/bootsnap-1.4.4/lib/bootsnap/load_path_cache/core_ext/kernel_require.rb:22
Migrating to CreateTests (20190514151724)
  [1m[35m (0.1ms)[0m  [1m[35mBEGIN[0m
  ↳ /usr/lib/ruby/gems/2.6.0/gems/bootsnap-1.4.4/lib/bootsnap/load_path_cache/core_ext/kernel_require.rb:22
  [1m[35m (3.7ms)[0m  [1m[35mCREATE TABLE "tests" ("id" bigserial primary key, "test" character varying, "created_at" timestamp NOT NULL, "updated_at" timestamp NOT NULL)[0m
  ↳ db/migrate/20190514151724_create_tests.rb:3
  [1m[36mActiveRecord::SchemaMigration Create (0.3ms)[0m  [1m[32mINSERT INTO "schema_migrations" ("version") VALUES ($1) RETURNING "version"[0m  [["version", "20190514151724"]]
  ↳ /usr/lib/ruby/gems/2.6.0/gems/bootsnap-1.4.4/lib/bootsnap/load_path_cache/core_ext/kernel_require.rb:22
  [1m[35m (1.0ms)[0m  [1m[35mCOMMIT[0m
  ↳ /usr/lib/ruby/gems/2.6.0/gems/bootsnap-1.4.4/lib/bootsnap/load_path_cache/core_ext/kernel_require.rb:22
Migrating to CreateUsers (20190514151827)
  [1m[35m (0.1ms)[0m  [1m[35mBEGIN[0m
  ↳ /usr/lib/ruby/gems/2.6.0/gems/bootsnap-1.4.4/lib/bootsnap/load_path_cache/core_ext/kernel_require.rb:22
  [1m[35m (3.6ms)[0m  [1m[35mCREATE TABLE "users" ("id" bigserial primary key, "user_name" character varying, "password" character varying, "e_mail" character varying, "phone_number" integer, "last_connection" timestamp, "temp" boolean, "created_at" timestamp NOT NULL, "updated_at" timestamp NOT NULL)[0m
  ↳ db/migrate/20190514151827_create_users.rb:3
  [1m[36mActiveRecord::SchemaMigration Create (0.7ms)[0m  [1m[32mINSERT INTO "schema_migrations" ("version") VALUES ($1) RETURNING "version"[0m  [["version", "20190514151827"]]
  ↳ /usr/lib/ruby/gems/2.6.0/gems/bootsnap-1.4.4/lib/bootsnap/load_path_cache/core_ext/kernel_require.rb:22
  [1m[35m (1.5ms)[0m  [1m[35mCOMMIT[0m
  ↳ /usr/lib/ruby/gems/2.6.0/gems/bootsnap-1.4.4/lib/bootsnap/load_path_cache/core_ext/kernel_require.rb:22
Migrating to CreateFriends (20190514151906)
  [1m[35m (0.3ms)[0m  [1m[35mBEGIN[0m
  ↳ /usr/lib/ruby/gems/2.6.0/gems/bootsnap-1.4.4/lib/bootsnap/load_path_cache/core_ext/kernel_require.rb:22
  [1m[35m (2.2ms)[0m  [1m[35mCREATE TABLE "friends" ("id" bigserial primary key, "user_id1" integer, "user_id2" integer, "created_at" timestamp NOT NULL, "updated_at" timestamp NOT NULL)[0m
  ↳ db/migrate/20190514151906_create_friends.rb:3
  [1m[36mActiveRecord::SchemaMigration Create (0.3ms)[0m  [1m[32mINSERT INTO "schema_migrations" ("version") VALUES ($1) RETURNING "version"[0m  [["version", "20190514151906"]]
  ↳ /usr/lib/ruby/gems/2.6.0/gems/bootsnap-1.4.4/lib/bootsnap/load_path_cache/core_ext/kernel_require.rb:22
  [1m[35m (0.6ms)[0m  [1m[35mCOMMIT[0m
  ↳ /usr/lib/ruby/gems/2.6.0/gems/bootsnap-1.4.4/lib/bootsnap/load_path_cache/core_ext/kernel_require.rb:22
  [1m[36mActiveRecord::InternalMetadata Load (0.2ms)[0m  [1m[34mSELECT  "ar_internal_metadata".* FROM "ar_internal_metadata" WHERE "ar_internal_metadata"."key" = $1 LIMIT $2[0m  [["key", "environment"], ["LIMIT", 1]]
  ↳ /usr/lib/ruby/gems/2.6.0/gems/bootsnap-1.4.4/lib/bootsnap/load_path_cache/core_ext/kernel_require.rb:22
  [1m[35m (0.1ms)[0m  [1m[35mBEGIN[0m
  ↳ /usr/lib/ruby/gems/2.6.0/gems/bootsnap-1.4.4/lib/bootsnap/load_path_cache/core_ext/kernel_require.rb:22
  [1m[36mActiveRecord::InternalMetadata Create (0.4ms)[0m  [1m[32mINSERT INTO "ar_internal_metadata" ("key", "value", "created_at", "updated_at") VALUES ($1, $2, $3, $4) RETURNING "key"[0m  [["key", "environment"], ["value", "development"], ["created_at", "2019-05-15 17:19:16.600658"], ["updated_at", "2019-05-15 17:19:16.600658"]]
  ↳ /usr/lib/ruby/gems/2.6.0/gems/bootsnap-1.4.4/lib/bootsnap/load_path_cache/core_ext/kernel_require.rb:22
  [1m[35m (0.5ms)[0m  [1m[35mCOMMIT[0m
  ↳ /usr/lib/ruby/gems/2.6.0/gems/bootsnap-1.4.4/lib/bootsnap/load_path_cache/core_ext/kernel_require.rb:22
  [1m[35m (0.2ms)[0m  [1m[34mSELECT pg_advisory_unlock(7423370693540222400)[0m
  ↳ /usr/lib/ruby/gems/2.6.0/gems/bootsnap-1.4.4/lib/bootsnap/load_path_cache/core_ext/kernel_require.rb:22
  [1m[35m (0.3ms)[0m  [1m[34mSELECT "schema_migrations"."version" FROM "schema_migrations" ORDER BY "schema_migrations"."version" ASC[0m
  ↳ /usr/lib/ruby/gems/2.6.0/gems/bootsnap-1.4.4/lib/bootsnap/load_path_cache/core_ext/kernel_require.rb:22
  [1m[35m (0.5ms)[0m  [1m[34mSELECT "schema_migrations"."version" FROM "schema_migrations" ORDER BY "schema_migrations"."version" ASC[0m
  ↳ /usr/lib/ruby/gems/2.6.0/gems/bootsnap-1.4.4/lib/bootsnap/load_path_cache/core_ext/kernel_require.rb:22
  [1m[35m (0.2ms)[0m  [1m[34mSELECT "ar_internal_metadata"."value" FROM "ar_internal_metadata" WHERE "ar_internal_metadata"."key" = $1[0m  [["key", "environment"]]
  ↳ /usr/lib/ruby/gems/2.6.0/gems/bootsnap-1.4.4/lib/bootsnap/load_path_cache/core_ext/kernel_require.rb:22
  [1m[35m (0.2ms)[0m  [1m[34mSELECT "schema_migrations"."version" FROM "schema_migrations" ORDER BY "schema_migrations"."version" ASC[0m
  ↳ /usr/lib/ruby/gems/2.6.0/gems/bootsnap-1.4.4/lib/bootsnap/load_path_cache/core_ext/kernel_require.rb:22
  [1m[35m (0.2ms)[0m  [1m[34mSELECT "ar_internal_metadata"."value" FROM "ar_internal_metadata" WHERE "ar_internal_metadata"."key" = $1[0m  [["key", "environment"]]
  ↳ /usr/lib/ruby/gems/2.6.0/gems/bootsnap-1.4.4/lib/bootsnap/load_path_cache/core_ext/kernel_require.rb:22
  [1m[35m (0.2ms)[0m  [1m[34mSELECT "schema_migrations"."version" FROM "schema_migrations" ORDER BY "schema_migrations"."version" ASC[0m
  ↳ /usr/lib/ruby/gems/2.6.0/gems/bootsnap-1.4.4/lib/bootsnap/load_path_cache/core_ext/kernel_require.rb:22
  [1m[35m (0.1ms)[0m  [1m[34mSELECT "ar_internal_metadata"."value" FROM "ar_internal_metadata" WHERE "ar_internal_metadata"."key" = $1[0m  [["key", "environment"]]
  ↳ /usr/lib/ruby/gems/2.6.0/gems/bootsnap-1.4.4/lib/bootsnap/load_path_cache/core_ext/kernel_require.rb:22
  [1m[35m (121.2ms)[0m  [1m[35mDROP DATABASE IF EXISTS "users-ms"[0m
  ↳ /usr/lib/ruby/gems/2.6.0/gems/bootsnap-1.4.4/lib/bootsnap/load_path_cache/core_ext/kernel_require.rb:22
  [1m[35m (0.5ms)[0m  [1m[35mDROP DATABASE IF EXISTS "users-ms"[0m
  ↳ /usr/lib/ruby/gems/2.6.0/gems/bootsnap-1.4.4/lib/bootsnap/load_path_cache/core_ext/kernel_require.rb:22
  [1m[35m (270.9ms)[0m  [1m[35mCREATE DATABASE "users-db" ENCODING = 'unicode'[0m
  ↳ /usr/lib/ruby/gems/2.6.0/gems/bootsnap-1.4.4/lib/bootsnap/load_path_cache/core_ext/kernel_require.rb:22
  [1m[35m (1.2ms)[0m  [1m[35mCREATE DATABASE "users-db" ENCODING = 'unicode'[0m
  ↳ /usr/lib/ruby/gems/2.6.0/gems/bootsnap-1.4.4/lib/bootsnap/load_path_cache/core_ext/kernel_require.rb:22
  [1m[35m (0.4ms)[0m  [1m[35mCREATE DATABASE "users-db" ENCODING = 'unicode'[0m
  ↳ /usr/lib/ruby/gems/2.6.0/gems/bootsnap-1.4.4/lib/bootsnap/load_path_cache/core_ext/kernel_require.rb:22
  [1m[35m (278.5ms)[0m  [1m[35mCREATE DATABASE "users-db-test" ENCODING = 'unicode'[0m
  ↳ /usr/lib/ruby/gems/2.6.0/gems/bootsnap-1.4.4/lib/bootsnap/load_path_cache/core_ext/kernel_require.rb:22
  [1m[35m (10.1ms)[0m  [1m[35mCREATE TABLE "schema_migrations" ("version" character varying NOT NULL PRIMARY KEY)[0m
  ↳ /usr/lib/ruby/gems/2.6.0/gems/bootsnap-1.4.4/lib/bootsnap/load_path_cache/core_ext/kernel_require.rb:22
  [1m[35m (4.0ms)[0m  [1m[35mCREATE TABLE "ar_internal_metadata" ("key" character varying NOT NULL PRIMARY KEY, "value" character varying, "created_at" timestamp NOT NULL, "updated_at" timestamp NOT NULL)[0m
  ↳ /usr/lib/ruby/gems/2.6.0/gems/bootsnap-1.4.4/lib/bootsnap/load_path_cache/core_ext/kernel_require.rb:22
  [1m[35m (0.2ms)[0m  [1m[34mSELECT pg_try_advisory_lock(3722341593018342735)[0m
  ↳ /usr/lib/ruby/gems/2.6.0/gems/bootsnap-1.4.4/lib/bootsnap/load_path_cache/core_ext/kernel_require.rb:22
  [1m[35m (0.3ms)[0m  [1m[34mSELECT "schema_migrations"."version" FROM "schema_migrations" ORDER BY "schema_migrations"."version" ASC[0m
  ↳ /usr/lib/ruby/gems/2.6.0/gems/bootsnap-1.4.4/lib/bootsnap/load_path_cache/core_ext/kernel_require.rb:22
Migrating to CreateTests (20190514151724)
  [1m[35m (0.1ms)[0m  [1m[35mBEGIN[0m
  ↳ /usr/lib/ruby/gems/2.6.0/gems/bootsnap-1.4.4/lib/bootsnap/load_path_cache/core_ext/kernel_require.rb:22
  [1m[35m (3.7ms)[0m  [1m[35mCREATE TABLE "tests" ("id" bigserial primary key, "test" character varying, "created_at" timestamp NOT NULL, "updated_at" timestamp NOT NULL)[0m
  ↳ db/migrate/20190514151724_create_tests.rb:3
  [1m[36mActiveRecord::SchemaMigration Create (0.3ms)[0m  [1m[32mINSERT INTO "schema_migrations" ("version") VALUES ($1) RETURNING "version"[0m  [["version", "20190514151724"]]
  ↳ /usr/lib/ruby/gems/2.6.0/gems/bootsnap-1.4.4/lib/bootsnap/load_path_cache/core_ext/kernel_require.rb:22
  [1m[35m (0.7ms)[0m  [1m[35mCOMMIT[0m
  ↳ /usr/lib/ruby/gems/2.6.0/gems/bootsnap-1.4.4/lib/bootsnap/load_path_cache/core_ext/kernel_require.rb:22
Migrating to CreateUsers (20190514151827)
  [1m[35m (0.1ms)[0m  [1m[35mBEGIN[0m
  ↳ /usr/lib/ruby/gems/2.6.0/gems/bootsnap-1.4.4/lib/bootsnap/load_path_cache/core_ext/kernel_require.rb:22
  [1m[35m (3.5ms)[0m  [1m[35mCREATE TABLE "users" ("id" bigserial primary key, "user_name" character varying, "password" character varying, "e_mail" character varying, "phone_number" integer, "last_connection" timestamp, "temp" boolean, "created_at" timestamp NOT NULL, "updated_at" timestamp NOT NULL)[0m
  ↳ db/migrate/20190514151827_create_users.rb:3
  [1m[36mActiveRecord::SchemaMigration Create (0.3ms)[0m  [1m[32mINSERT INTO "schema_migrations" ("version") VALUES ($1) RETURNING "version"[0m  [["version", "20190514151827"]]
  ↳ /usr/lib/ruby/gems/2.6.0/gems/bootsnap-1.4.4/lib/bootsnap/load_path_cache/core_ext/kernel_require.rb:22
  [1m[35m (0.7ms)[0m  [1m[35mCOMMIT[0m
  ↳ /usr/lib/ruby/gems/2.6.0/gems/bootsnap-1.4.4/lib/bootsnap/load_path_cache/core_ext/kernel_require.rb:22
Migrating to CreateFriends (20190514151906)
  [1m[35m (0.3ms)[0m  [1m[35mBEGIN[0m
  ↳ /usr/lib/ruby/gems/2.6.0/gems/bootsnap-1.4.4/lib/bootsnap/load_path_cache/core_ext/kernel_require.rb:22
  [1m[35m (2.7ms)[0m  [1m[35mCREATE TABLE "friends" ("id" bigserial primary key, "user_id1" integer, "user_id2" integer, "created_at" timestamp NOT NULL, "updated_at" timestamp NOT NULL)[0m
  ↳ db/migrate/20190514151906_create_friends.rb:3
  [1m[36mActiveRecord::SchemaMigration Create (0.4ms)[0m  [1m[32mINSERT INTO "schema_migrations" ("version") VALUES ($1) RETURNING "version"[0m  [["version", "20190514151906"]]
  ↳ /usr/lib/ruby/gems/2.6.0/gems/bootsnap-1.4.4/lib/bootsnap/load_path_cache/core_ext/kernel_require.rb:22
  [1m[35m (1.0ms)[0m  [1m[35mCOMMIT[0m
  ↳ /usr/lib/ruby/gems/2.6.0/gems/bootsnap-1.4.4/lib/bootsnap/load_path_cache/core_ext/kernel_require.rb:22
  [1m[36mActiveRecord::InternalMetadata Load (0.2ms)[0m  [1m[34mSELECT  "ar_internal_metadata".* FROM "ar_internal_metadata" WHERE "ar_internal_metadata"."key" = $1 LIMIT $2[0m  [["key", "environment"], ["LIMIT", 1]]
  ↳ /usr/lib/ruby/gems/2.6.0/gems/bootsnap-1.4.4/lib/bootsnap/load_path_cache/core_ext/kernel_require.rb:22
  [1m[35m (0.1ms)[0m  [1m[35mBEGIN[0m
  ↳ /usr/lib/ruby/gems/2.6.0/gems/bootsnap-1.4.4/lib/bootsnap/load_path_cache/core_ext/kernel_require.rb:22
  [1m[36mActiveRecord::InternalMetadata Create (0.3ms)[0m  [1m[32mINSERT INTO "ar_internal_metadata" ("key", "value", "created_at", "updated_at") VALUES ($1, $2, $3, $4) RETURNING "key"[0m  [["key", "environment"], ["value", "development"], ["created_at", "2019-05-15 17:20:50.221316"], ["updated_at", "2019-05-15 17:20:50.221316"]]
  ↳ /usr/lib/ruby/gems/2.6.0/gems/bootsnap-1.4.4/lib/bootsnap/load_path_cache/core_ext/kernel_require.rb:22
  [1m[35m (0.6ms)[0m  [1m[35mCOMMIT[0m
  ↳ /usr/lib/ruby/gems/2.6.0/gems/bootsnap-1.4.4/lib/bootsnap/load_path_cache/core_ext/kernel_require.rb:22
  [1m[35m (0.3ms)[0m  [1m[34mSELECT pg_advisory_unlock(3722341593018342735)[0m
  ↳ /usr/lib/ruby/gems/2.6.0/gems/bootsnap-1.4.4/lib/bootsnap/load_path_cache/core_ext/kernel_require.rb:22
  [1m[35m (0.3ms)[0m  [1m[34mSELECT "schema_migrations"."version" FROM "schema_migrations" ORDER BY "schema_migrations"."version" ASC[0m
  ↳ /usr/lib/ruby/gems/2.6.0/gems/bootsnap-1.4.4/lib/bootsnap/load_path_cache/core_ext/kernel_require.rb:22
